<?xml version="1.0" encoding="UTF-8"?>
<!-- Generated by org.testng.reporters.JUnitReportReporter -->
<testsuite skipped="0" hostname="DESKTOP-MNDUKC3" name="extentReport.ExtentReport" tests="2" failures="0" timestamp="11 Apr 2019 21:11:54 GMT" time="0.026" errors="0">
  <testcase name="test2" time="0.003" classname="extentReport.ExtentReport"/>
  <testcase name="test1" time="0.023" classname="extentReport.ExtentReport"/>
</testsuite> <!-- extentReport.ExtentReport -->
