<?xml version="1.0" encoding="UTF-8"?>
<!-- Generated by org.testng.reporters.JUnitReportReporter -->
<testsuite skipped="0" hostname="DESKTOP-MNDUKC3" name="logging.LoggerTest" tests="1" failures="0" timestamp="11 Apr 2019 19:32:25 GMT" time="0.014" errors="0">
  <testcase name="testLogger" time="0.014" classname="logging.LoggerTest"/>
</testsuite> <!-- logging.LoggerTest -->
